{"level":"info","message":"Server running in development mode on port 5000","service":"triddle-api","timestamp":"2025-05-17 01:34:28"}
{"level":"info","message":"PostgreSQL Connected","service":"triddle-api","timestamp":"2025-05-17 01:34:28"}
{"level":"info","message":"Server running in development mode on port 5000","service":"triddle-api","timestamp":"2025-05-17 01:34:46"}
{"level":"info","message":"PostgreSQL Connected","service":"triddle-api","timestamp":"2025-05-17 01:34:47"}
{"level":"info","message":"Server running in development mode on port 5000","service":"triddle-api","timestamp":"2025-05-17 01:34:54"}
{"level":"info","message":"PostgreSQL Connected","service":"triddle-api","timestamp":"2025-05-17 01:34:54"}
{"level":"info","message":"Server running in development mode on port 5000","service":"triddle-api","timestamp":"2025-05-17 01:40:32"}
{"level":"info","message":"PostgreSQL Connected","service":"triddle-api","timestamp":"2025-05-17 01:40:32"}
{"level":"info","message":"Server running in development mode on port 5000","service":"triddle-api","timestamp":"2025-05-17 01:40:48"}
{"level":"info","message":"PostgreSQL Connected","service":"triddle-api","timestamp":"2025-05-17 01:40:48"}
{"level":"info","message":"Server running in development mode on port 5000","service":"triddle-api","timestamp":"2025-05-17 01:51:24"}
{"level":"info","message":"PostgreSQL Connected","service":"triddle-api","timestamp":"2025-05-17 01:51:24"}
{"level":"info","message":"Server running in development mode on port 5000","service":"triddle-api","timestamp":"2025-05-17 01:52:09"}
{"level":"info","message":"PostgreSQL Connected","service":"triddle-api","timestamp":"2025-05-17 01:52:09"}
{"level":"info","message":"Server running in development mode on port 5000","service":"triddle-api","timestamp":"2025-05-17 02:04:28"}
{"level":"info","message":"PostgreSQL Connected","service":"triddle-api","timestamp":"2025-05-17 02:04:28"}
{"level":"info","message":"Server running in development mode on port 5000","service":"triddle-api","timestamp":"2025-05-17 02:06:27"}
{"level":"info","message":"PostgreSQL Connected","service":"triddle-api","timestamp":"2025-05-17 02:06:27"}
{"level":"info","message":"Server running in development mode on port 5000","service":"triddle-api","timestamp":"2025-05-17 02:06:35"}
{"level":"info","message":"PostgreSQL Connected","service":"triddle-api","timestamp":"2025-05-17 02:06:35"}
{"level":"info","message":"Server running in development mode on port 5000","service":"triddle-api","timestamp":"2025-05-17 02:10:59"}
{"level":"info","message":"PostgreSQL Connected","service":"triddle-api","timestamp":"2025-05-17 02:10:59"}
{"level":"info","message":"Server running in development mode on port 5000","service":"triddle-api","timestamp":"2025-05-17 02:11:28"}
{"level":"info","message":"PostgreSQL Connected","service":"triddle-api","timestamp":"2025-05-17 02:11:28"}
{"level":"info","message":"Server running in development mode on port 5000","service":"triddle-api","timestamp":"2025-05-17 02:11:32"}
{"level":"info","message":"PostgreSQL Connected","service":"triddle-api","timestamp":"2025-05-17 02:11:32"}
{"level":"info","message":"Server running in development mode on port 5000","service":"triddle-api","timestamp":"2025-05-17 02:11:36"}
{"level":"info","message":"PostgreSQL Connected","service":"triddle-api","timestamp":"2025-05-17 02:11:36"}
{"level":"info","message":"Server running in development mode on port 5000","service":"triddle-api","timestamp":"2025-05-17 02:11:41"}
{"level":"info","message":"PostgreSQL Connected","service":"triddle-api","timestamp":"2025-05-17 02:11:41"}
{"level":"info","message":"Server running in development mode on port 5000","service":"triddle-api","timestamp":"2025-05-17 02:11:45"}
{"level":"info","message":"PostgreSQL Connected","service":"triddle-api","timestamp":"2025-05-17 02:11:45"}
{"level":"info","message":"Server running in development mode on port 5000","service":"triddle-api","timestamp":"2025-05-17 02:11:51"}
{"level":"info","message":"PostgreSQL Connected","service":"triddle-api","timestamp":"2025-05-17 02:11:51"}
{"level":"info","message":"Server running in development mode on port 5000","service":"triddle-api","timestamp":"2025-05-17 02:11:54"}
{"level":"info","message":"PostgreSQL Connected","service":"triddle-api","timestamp":"2025-05-17 02:11:54"}
{"level":"info","message":"Server running in development mode on port 5000","service":"triddle-api","timestamp":"2025-05-17 02:12:13"}
{"level":"info","message":"PostgreSQL Connected","service":"triddle-api","timestamp":"2025-05-17 02:12:13"}
{"level":"info","message":"Server running in development mode on port 5000","service":"triddle-api","timestamp":"2025-05-17 02:12:25"}
{"level":"info","message":"PostgreSQL Connected","service":"triddle-api","timestamp":"2025-05-17 02:12:26"}
{"level":"info","message":"Server running in development mode on port 5000","service":"triddle-api","timestamp":"2025-05-17 02:12:39"}
{"level":"info","message":"PostgreSQL Connected","service":"triddle-api","timestamp":"2025-05-17 02:12:39"}
{"level":"info","message":"Server running in development mode on port 5000","service":"triddle-api","timestamp":"2025-05-17 15:20:03"}
{"level":"info","message":"PostgreSQL Connected","service":"triddle-api","timestamp":"2025-05-17 15:20:03"}
{"level":"error","message":"Form not found with id of 1","service":"triddle-api","stack":"Error: Form not found with id of 1\n    at C:\\Users\\PCPACK\\Videos\\STAGE\\triddle-form-builder\\triddle-backend\\src\\controllers\\forms.controller.js:50:7","statusCode":404,"timestamp":"2025-05-17 15:24:09"}
{"level":"info","message":"Server running in development mode on port 5000","service":"triddle-api","timestamp":"2025-05-17 18:38:04"}
{"level":"info","message":"PostgreSQL Connected","service":"triddle-api","timestamp":"2025-05-17 18:38:04"}
{"level":"error","message":"There is no user with that email","service":"triddle-api","stack":"Error: There is no user with that email\n    at C:\\Users\\PCPACK\\Videos\\STAGE\\triddle-form-builder\\triddle-backend\\src\\controllers\\auth.controller.js:185:17","statusCode":404,"timestamp":"2025-05-17 22:30:53"}
{"level":"error","message":"Error sending email: Invalid login: 534-5.7.9 Please log in with your web browser and then try again. For more\n534-5.7.9 information, go to\n534 5.7.9  https://support.google.com/mail/?p=WebLoginRequired ffacd0b85a97d-3a35ca6265fsm7266956f8f.43 - gsmtp","service":"triddle-api","timestamp":"2025-05-17 22:31:31"}
{"level":"error","message":"Email could not be sent","service":"triddle-api","stack":"Error: Email could not be sent\n    at C:\\Users\\PCPACK\\Videos\\STAGE\\triddle-form-builder\\triddle-backend\\src\\controllers\\auth.controller.js:236:17","statusCode":500,"timestamp":"2025-05-17 22:31:31"}
{"level":"error","message":"Error sending email: Invalid login: 534-5.7.9 Please log in with your web browser and then try again. For more\n534-5.7.9 information, go to\n534 5.7.9  https://support.google.com/mail/?p=WebLoginRequired 5b1f17b1804b1-442fd583ff7sm82042485e9.26 - gsmtp","service":"triddle-api","timestamp":"2025-05-17 22:55:17"}
{"level":"error","message":"Email could not be sent","service":"triddle-api","stack":"Error: Email could not be sent\n    at C:\\Users\\PCPACK\\Videos\\STAGE\\triddle-form-builder\\triddle-backend\\src\\controllers\\auth.controller.js:236:17","statusCode":500,"timestamp":"2025-05-17 22:55:17"}
{"level":"error","message":"Error sending email: Invalid login: 534-5.7.9 Please log in with your web browser and then try again. For more\n534-5.7.9 information, go to\n534 5.7.9  https://support.google.com/mail/?p=WebLoginRequired ffacd0b85a97d-3a35ca88735sm7607753f8f.69 - gsmtp","service":"triddle-api","timestamp":"2025-05-17 22:55:51"}
{"level":"error","message":"Email could not be sent","service":"triddle-api","stack":"Error: Email could not be sent\n    at C:\\Users\\PCPACK\\Videos\\STAGE\\triddle-form-builder\\triddle-backend\\src\\controllers\\auth.controller.js:236:17","statusCode":500,"timestamp":"2025-05-17 22:55:51"}
{"level":"info","message":"Server running in development mode on port 5000","service":"triddle-api","timestamp":"2025-05-17 23:01:50"}
{"level":"info","message":"PostgreSQL Connected","service":"triddle-api","timestamp":"2025-05-17 23:01:50"}
{"level":"info","message":"Email sent: <eae44a47-2e98-f1da-57fc-65bdfa091b3a@gmail.com>","service":"triddle-api","timestamp":"2025-05-17 23:01:57"}
{"level":"info","message":"Email sent: <a1888ea4-5851-3b42-bb57-9f9f8765df55@gmail.com>","service":"triddle-api","timestamp":"2025-05-17 23:04:39"}
{"level":"info","message":"Server running in development mode on port 5000","service":"triddle-api","timestamp":"2025-05-18 00:32:25"}
{"level":"info","message":"Server running in development mode on port 5000","service":"triddle-api","timestamp":"2025-05-18 00:32:28"}
{"level":"info","message":"Server running in development mode on port 5000","service":"triddle-api","timestamp":"2025-05-18 00:32:30"}
{"level":"info","message":"PostgreSQL Connected","service":"triddle-api","timestamp":"2025-05-18 00:32:30"}
{"level":"info","message":"Server running in development mode on port 5000","service":"triddle-api","timestamp":"2025-05-18 00:32:37"}
{"level":"info","message":"PostgreSQL Connected","service":"triddle-api","timestamp":"2025-05-18 00:32:38"}
{"level":"info","message":"Server running in development mode on port 5000","service":"triddle-api","timestamp":"2025-05-18 00:32:45"}
{"level":"info","message":"PostgreSQL Connected","service":"triddle-api","timestamp":"2025-05-18 00:32:45"}
{"level":"info","message":"Server running in development mode on port 5000","service":"triddle-api","timestamp":"2025-05-18 00:32:47"}
{"level":"info","message":"PostgreSQL Connected","service":"triddle-api","timestamp":"2025-05-18 00:32:47"}
{"level":"info","message":"Server running in development mode on port 5000","service":"triddle-api","timestamp":"2025-05-18 00:32:55"}
{"level":"info","message":"PostgreSQL Connected","service":"triddle-api","timestamp":"2025-05-18 00:32:55"}
{"level":"info","message":"Server running in development mode on port 5000","service":"triddle-api","timestamp":"2025-05-18 00:32:59"}
{"level":"info","message":"PostgreSQL Connected","service":"triddle-api","timestamp":"2025-05-18 00:32:59"}
{"level":"info","message":"Server running in development mode on port 5000","service":"triddle-api","timestamp":"2025-05-18 00:33:08"}
{"level":"info","message":"PostgreSQL Connected","service":"triddle-api","timestamp":"2025-05-18 00:33:09"}
{"level":"info","message":"Server running in development mode on port 5000","service":"triddle-api","timestamp":"2025-05-18 00:33:12"}
{"level":"info","message":"PostgreSQL Connected","service":"triddle-api","timestamp":"2025-05-18 00:33:13"}
{"level":"info","message":"Server running in development mode on port 5000","service":"triddle-api","timestamp":"2025-05-18 00:33:24"}
{"level":"info","message":"PostgreSQL Connected","service":"triddle-api","timestamp":"2025-05-18 00:33:24"}
{"level":"info","message":"Server running in development mode on port 5000","service":"triddle-api","timestamp":"2025-05-18 00:33:34"}
{"level":"info","message":"PostgreSQL Connected","service":"triddle-api","timestamp":"2025-05-18 00:33:34"}
{"level":"info","message":"Server running in development mode on port 5000","service":"triddle-api","timestamp":"2025-05-18 00:33:37"}
{"level":"info","message":"PostgreSQL Connected","service":"triddle-api","timestamp":"2025-05-18 00:33:37"}
{"level":"info","message":"Server running in development mode on port 5000","service":"triddle-api","timestamp":"2025-05-18 00:33:54"}
{"level":"info","message":"PostgreSQL Connected","service":"triddle-api","timestamp":"2025-05-18 00:33:54"}
{"level":"info","message":"Server running in development mode on port 5000","service":"triddle-api","timestamp":"2025-05-18 00:33:58"}
{"level":"info","message":"PostgreSQL Connected","service":"triddle-api","timestamp":"2025-05-18 00:33:59"}
{"level":"info","message":"Server running in development mode on port 5000","service":"triddle-api","timestamp":"2025-05-18 00:34:03"}
{"level":"info","message":"PostgreSQL Connected","service":"triddle-api","timestamp":"2025-05-18 00:34:03"}
{"level":"info","message":"Server running in development mode on port 5000","service":"triddle-api","timestamp":"2025-05-18 00:34:10"}
{"level":"info","message":"PostgreSQL Connected","service":"triddle-api","timestamp":"2025-05-18 00:34:10"}
{"level":"info","message":"Server running in development mode on port 5000","service":"triddle-api","timestamp":"2025-05-18 00:34:15"}
{"level":"info","message":"PostgreSQL Connected","service":"triddle-api","timestamp":"2025-05-18 00:34:15"}
{"level":"info","message":"Server running in development mode on port 5000","service":"triddle-api","timestamp":"2025-05-18 00:34:22"}
{"level":"info","message":"PostgreSQL Connected","service":"triddle-api","timestamp":"2025-05-18 00:34:22"}
{"level":"info","message":"Server running in development mode on port 5000","service":"triddle-api","timestamp":"2025-05-18 00:34:27"}
{"level":"info","message":"PostgreSQL Connected","service":"triddle-api","timestamp":"2025-05-18 00:34:27"}
{"level":"info","message":"Server running in development mode on port 5000","service":"triddle-api","timestamp":"2025-05-18 00:34:29"}
{"level":"info","message":"PostgreSQL Connected","service":"triddle-api","timestamp":"2025-05-18 00:34:29"}
{"level":"info","message":"Server running in development mode on port 5000","service":"triddle-api","timestamp":"2025-05-18 00:35:13"}
{"level":"info","message":"PostgreSQL Connected","service":"triddle-api","timestamp":"2025-05-18 00:35:13"}
{"level":"info","message":"Server running in development mode on port 5000","service":"triddle-api","timestamp":"2025-05-18 00:35:16"}
{"level":"info","message":"PostgreSQL Connected","service":"triddle-api","timestamp":"2025-05-18 00:35:16"}
{"level":"info","message":"Server running in development mode on port 5000","service":"triddle-api","timestamp":"2025-05-18 00:35:21"}
{"level":"info","message":"PostgreSQL Connected","service":"triddle-api","timestamp":"2025-05-18 00:35:22"}
{"level":"info","message":"Server running in development mode on port 5000","service":"triddle-api","timestamp":"2025-05-18 00:35:25"}
{"level":"info","message":"PostgreSQL Connected","service":"triddle-api","timestamp":"2025-05-18 00:35:25"}
{"level":"info","message":"Server running in development mode on port 5000","service":"triddle-api","timestamp":"2025-05-18 00:35:30"}
{"level":"info","message":"PostgreSQL Connected","service":"triddle-api","timestamp":"2025-05-18 00:35:30"}
{"level":"info","message":"Server running in development mode on port 5000","service":"triddle-api","timestamp":"2025-05-18 00:35:35"}
{"level":"info","message":"PostgreSQL Connected","service":"triddle-api","timestamp":"2025-05-18 00:35:35"}
{"level":"error","message":"Cannot read properties of undefined (reading 'length')","service":"triddle-api","stack":"TypeError: Cannot read properties of undefined (reading 'length')\n    at C:\\Users\\PCPACK\\Videos\\STAGE\\triddle-form-builder\\triddle-backend\\src\\controllers\\forms.controller.js:36:33","timestamp":"2025-05-18 00:36:05"}
{"level":"info","message":"Server running in development mode on port 5000","service":"triddle-api","timestamp":"2025-05-18 00:36:19"}
{"level":"info","message":"PostgreSQL Connected","service":"triddle-api","timestamp":"2025-05-18 00:36:19"}
{"level":"info","message":"Server running in development mode on port 5000","service":"triddle-api","timestamp":"2025-05-18 00:36:21"}
{"level":"info","message":"PostgreSQL Connected","service":"triddle-api","timestamp":"2025-05-18 00:36:21"}
{"level":"error","message":"Cannot read properties of undefined (reading 'count')","service":"triddle-api","stack":"TypeError: Cannot read properties of undefined (reading 'count')\n    at C:\\Users\\PCPACK\\Videos\\STAGE\\triddle-form-builder\\triddle-backend\\src\\controllers\\forms.controller.js:36:33","timestamp":"2025-05-18 00:36:42"}
{"level":"info","message":"Server running in development mode on port 5000","service":"triddle-api","timestamp":"2025-05-18 00:37:20"}
{"level":"info","message":"PostgreSQL Connected","service":"triddle-api","timestamp":"2025-05-18 00:37:20"}
{"level":"info","message":"Server running in development mode on port 5000","service":"triddle-api","timestamp":"2025-05-18 00:38:28"}
{"level":"info","message":"PostgreSQL Connected","service":"triddle-api","timestamp":"2025-05-18 00:38:28"}
{"level":"info","message":"Server running in development mode on port 5000","service":"triddle-api","timestamp":"2025-05-18 00:43:11"}
{"level":"info","message":"PostgreSQL Connected","service":"triddle-api","timestamp":"2025-05-18 00:43:11"}
{"level":"info","message":"Server running in development mode on port 5000","service":"triddle-api","timestamp":"2025-05-18 00:43:20"}
{"level":"info","message":"PostgreSQL Connected","service":"triddle-api","timestamp":"2025-05-18 00:43:21"}
{"level":"info","message":"Server running in development mode on port 5000","service":"triddle-api","timestamp":"2025-05-18 00:43:29"}
{"level":"info","message":"PostgreSQL Connected","service":"triddle-api","timestamp":"2025-05-18 00:43:29"}
{"level":"info","message":"Server running in development mode on port 5000","service":"triddle-api","timestamp":"2025-05-18 00:43:31"}
{"level":"info","message":"PostgreSQL Connected","service":"triddle-api","timestamp":"2025-05-18 00:43:31"}
{"level":"info","message":"Server running in development mode on port 5000","service":"triddle-api","timestamp":"2025-05-18 00:43:54"}
{"level":"info","message":"PostgreSQL Connected","service":"triddle-api","timestamp":"2025-05-18 00:43:54"}
{"level":"info","message":"Server running in development mode on port 5000","service":"triddle-api","timestamp":"2025-05-18 00:44:08"}
{"level":"info","message":"PostgreSQL Connected","service":"triddle-api","timestamp":"2025-05-18 00:44:08"}
{"level":"info","message":"Server running in development mode on port 5000","service":"triddle-api","timestamp":"2025-05-18 00:44:58"}
{"level":"info","message":"PostgreSQL Connected","service":"triddle-api","timestamp":"2025-05-18 00:44:58"}
{"level":"info","message":"Server running in development mode on port 5000","service":"triddle-api","timestamp":"2025-05-18 00:45:09"}
{"level":"info","message":"PostgreSQL Connected","service":"triddle-api","timestamp":"2025-05-18 00:45:09"}
{"level":"info","message":"Server running in development mode on port 5000","service":"triddle-api","timestamp":"2025-05-18 00:47:25"}
{"level":"info","message":"PostgreSQL Connected","service":"triddle-api","timestamp":"2025-05-18 00:47:25"}
{"level":"info","message":"Server running in development mode on port 5000","service":"triddle-api","timestamp":"2025-05-18 01:51:05"}
{"level":"info","message":"PostgreSQL Connected","service":"triddle-api","timestamp":"2025-05-18 01:51:06"}
